<?xml version="1.0" encoding="UTF-8" ?>
<testsuite tests="13" failures="0" name="HDC.cucumber.MavenCucumberPrototype1.RunnerTest" time="0.129" errors="0" skipped="0">
  <properties>
    <property name="java.runtime.name" value="Java(TM) SE Runtime Environment"/>
    <property name="sun.boot.library.path" value="C:\Program Files\Java\jdk1.8.0_51\jre\bin"/>
    <property name="java.vm.version" value="25.51-b03"/>
    <property name="java.vm.vendor" value="Oracle Corporation"/>
    <property name="maven.multiModuleProjectDirectory" value="C:\eclipse\HomesMaven3\MavenCucumberPrototype"/>
    <property name="java.vendor.url" value="http://java.oracle.com/"/>
    <property name="path.separator" value=";"/>
    <property name="guice.disable.misplaced.annotation.check" value="true"/>
    <property name="java.vm.name" value="Java HotSpot(TM) 64-Bit Server VM"/>
    <property name="file.encoding.pkg" value="sun.io"/>
    <property name="user.script" value=""/>
    <property name="user.country" value="US"/>
    <property name="sun.java.launcher" value="SUN_STANDARD"/>
    <property name="sun.os.patch.level" value="Service Pack 1"/>
    <property name="java.vm.specification.name" value="Java Virtual Machine Specification"/>
    <property name="user.dir" value="C:\eclipse\HomesMaven3\MavenCucumberPrototype"/>
    <property name="java.runtime.version" value="1.8.0_51-b16"/>
    <property name="java.awt.graphicsenv" value="sun.awt.Win32GraphicsEnvironment"/>
    <property name="java.endorsed.dirs" value="C:\Program Files\Java\jdk1.8.0_51\jre\lib\endorsed"/>
    <property name="os.arch" value="amd64"/>
    <property name="java.io.tmpdir" value="C:\Users\pankajk\AppData\Local\Temp\"/>
    <property name="line.separator" value="
"/>
    <property name="java.vm.specification.vendor" value="Oracle Corporation"/>
    <property name="user.variant" value=""/>
    <property name="os.name" value="Windows 7"/>
    <property name="classworlds.conf" value="C:\apache-maven-3.3.3\bin\..\bin\m2.conf"/>
    <property name="sun.jnu.encoding" value="Cp1252"/>
    <property name="java.library.path" value="C:\Program Files\Java\jdk1.8.0_51\bin;C:\Windows\Sun\Java\bin;C:\Windows\system32;C:\Windows;C:\ProgramData\Oracle\Java\javapath;C:\Windows\system32;C:\Windows;C:\Windows\System32\Wbem;C:\Windows\System32\WindowsPowerShell\v1.0\;D:\Software\adt-bundle-windows-x86_64-20140321\sdk\platform-tools;D:\Software\adt-bundle-windows-x86_64-20140321\sdk\platforms;C:\Program Files (x86)\Skype\Phone\;C:\apache-ant-1.9.4\bin;C:\tools\pik;C:\Ruby22-x64\bin;C:\Ruby22-x64\DevKit\bin;C:\Program Files\apache-ant-1.9.5\bin;C:\apache-ant-1.9.5\bin;D:\Software\adt-bundle-windows-x86_64-20140321\adt-bundle-windows-x86_64-20140321\sdk\platform-tools;D:\Software\adt-bundle-windows-x86_64-20140321\adt-bundle-windows-x86_64-20140321\sdk\tools;C:\apache-maven-3.3.3\bin;C:\Program Files\Java\jdk1.8.0_51\bin;;."/>
    <property name="java.specification.name" value="Java Platform API Specification"/>
    <property name="java.class.version" value="52.0"/>
    <property name="sun.management.compiler" value="HotSpot 64-Bit Tiered Compilers"/>
    <property name="os.version" value="6.1"/>
    <property name="user.home" value="C:\Users\pankajk"/>
    <property name="user.timezone" value="Asia/Calcutta"/>
    <property name="java.awt.printerjob" value="sun.awt.windows.WPrinterJob"/>
    <property name="java.specification.version" value="1.8"/>
    <property name="file.encoding" value="Cp1252"/>
    <property name="user.name" value="pankajk"/>
    <property name="java.class.path" value="C:\apache-maven-3.3.3\bin\..\boot\plexus-classworlds-2.5.2.jar"/>
    <property name="java.vm.specification.version" value="1.8"/>
    <property name="sun.arch.data.model" value="64"/>
    <property name="java.home" value="C:\Program Files\Java\jdk1.8.0_51\jre"/>
    <property name="sun.java.command" value="org.codehaus.plexus.classworlds.launcher.Launcher clean install"/>
    <property name="java.specification.vendor" value="Oracle Corporation"/>
    <property name="user.language" value="en"/>
    <property name="awt.toolkit" value="sun.awt.windows.WToolkit"/>
    <property name="java.vm.info" value="mixed mode"/>
    <property name="java.version" value="1.8.0_51"/>
    <property name="java.ext.dirs" value="C:\Program Files\Java\jdk1.8.0_51\jre\lib\ext;C:\Windows\Sun\Java\lib\ext"/>
    <property name="sun.boot.class.path" value="C:\Program Files\Java\jdk1.8.0_51\jre\lib\resources.jar;C:\Program Files\Java\jdk1.8.0_51\jre\lib\rt.jar;C:\Program Files\Java\jdk1.8.0_51\jre\lib\sunrsasign.jar;C:\Program Files\Java\jdk1.8.0_51\jre\lib\jsse.jar;C:\Program Files\Java\jdk1.8.0_51\jre\lib\jce.jar;C:\Program Files\Java\jdk1.8.0_51\jre\lib\charsets.jar;C:\Program Files\Java\jdk1.8.0_51\jre\lib\jfr.jar;C:\Program Files\Java\jdk1.8.0_51\jre\classes"/>
    <property name="sun.stderr.encoding" value="cp437"/>
    <property name="java.vendor" value="Oracle Corporation"/>
    <property name="maven.home" value="C:\apache-maven-3.3.3\bin\.."/>
    <property name="file.separator" value="\"/>
    <property name="java.vendor.url.bug" value="http://bugreport.sun.com/bugreport/"/>
    <property name="sun.cpu.endian" value="little"/>
    <property name="sun.io.unicode.encoding" value="UnicodeLittle"/>
    <property name="sun.stdout.encoding" value="cp437"/>
    <property name="sun.desktop" value="windows"/>
    <property name="sun.cpu.isalist" value="amd64"/>
  </properties>
  <testcase classname="Scenario: Submitting Request Home Estimate Form" name="Given I am on the Request Home Estimate page" time="0.008"/>
  <testcase classname="Scenario: Submitting Request Home Estimate Form" name="When I enter &quot;150 Main Street&quot; in the address field" time="0"/>
  <testcase classname="Scenario: Submitting Request Home Estimate Form" name="And I enter &quot;Your Hometown&quot; in the city field" time="0.007"/>
  <testcase classname="Scenario: Submitting Request Home Estimate Form" name="And I select &quot;Florida&quot; from the state dropdown" time="0"/>
  <testcase classname="Scenario: Submitting Request Home Estimate Form" name="And I enter &quot;33333&quot; in the zip field" time="0"/>
  <testcase classname="Scenario: Submitting Request Home Estimate Form" name="And I enter &quot;Test&quot; in the first name field" time="0"/>
  <testcase classname="Scenario: Submitting Request Home Estimate Form" name="And I enter &quot;Lead&quot; in the last name field" time="0"/>
  <testcase classname="Scenario: Submitting Request Home Estimate Form" name="And I enter &quot;1234567890&quot; in the phone field on the mortgage page" time="0"/>
  <testcase classname="Scenario: Submitting Request Home Estimate Form" name="And I enter &quot;Request_Home_Estimate@regression.test&quot; in the email field on the mortgage page" time="0"/>
  <testcase classname="Scenario: Submitting Request Home Estimate Form" name="And I click the submitCMARequestFormButton" time="0"/>
  <testcase classname="Scenario: Submitting Request Home Estimate Form" name="Then I should see &quot;Your request has been sent&quot; in the new page" time="0"/>
  <testcase classname="Scenario: Submitting Request Home Estimate Form" name="And I should see &quot;Thank you for completing the free home market analysis. An agent will be contacting you soon with information regarding the home and surrounding real estate market.&quot; on home estimate" time="0"/>
  <testcase classname="Scenario: Submitting Request Home Estimate Form" name="Scenario: Submitting Request Home Estimate Form" time="0.114"/>
</testsuite>